<?xml version="1.0"?>
<testsuites>
  <testsuite name="Firefox 29.0.0 (Mac OS X 10.9)" package="" timestamp="2014-05-28T09:15:43" id="0" hostname="imac-cedre.utt.fr">
    <properties>
      <property name="browser.fullName" value="Mozilla/5.0 (Macintosh; Intel Mac OS X 10.9; rv:29.0) Gecko/20100101 Firefox/29.0"/>
    </properties>
  </testsuite>
  <testsuite name="Firefox 29.0.0 (Mac OS X 10.9)" package="" timestamp="2014-05-28T09:15:43" id="0" hostname="imac-cedre.utt.fr">
    <properties>
      <property name="browser.fullName" value="Mozilla/5.0 (Macintosh; Intel Mac OS X 10.9; rv:29.0) Gecko/20100101 Firefox/29.0"/>
    </properties>
  </testsuite>
  <testsuite name="Firefox 29.0.0 (Mac OS X 10.9)" package="" timestamp="2014-05-28T09:15:43" id="0" hostname="imac-cedre.utt.fr" tests="5" errors="1" failures="5" time="0.019">
    <properties>
      <property name="browser.fullName" value="Mozilla/5.0 (Macintosh; Intel Mac OS X 10.9; rv:29.0) Gecko/20100101 Firefox/29.0"/>
    </properties>
    <testcase name="should create $scope.greeting when calling sayHello" time="0.01" classname="Firefox 29.0.0 (Mac OS X 10.9).Unit: AboutCtrl">
      <failure type="">minErr/&lt;@/Users/naneon/WebstormProjects/Emploi-Du-Temps/app/bower_components/angular/angular.js:78
loadModules/&lt;@/Users/naneon/WebstormProjects/Emploi-Du-Temps/app/bower_components/angular/angular.js:3643
forEach@/Users/naneon/WebstormProjects/Emploi-Du-Temps/app/bower_components/angular/angular.js:302
loadModules@/Users/naneon/WebstormProjects/Emploi-Du-Temps/app/bower_components/angular/angular.js:3608
createInjector@/Users/naneon/WebstormProjects/Emploi-Du-Temps/app/bower_components/angular/angular.js:3548
workFn@/Users/naneon/WebstormProjects/Emploi-Du-Temps/app/bower_components/angular-mocks/angular-mocks.js:2110

</failure>
      <failure type="">TypeError: scope is undefined in /Users/naneon/WebstormProjects/Emploi-Du-Temps/test/spec/controllers/aboutController.js (line 21)
@/Users/naneon/WebstormProjects/Emploi-Du-Temps/test/spec/controllers/aboutController.js:21

</failure>
    </testcase>
    <testcase name="should attach a list of awesomeThings to the scope" time="0.002" classname="Firefox 29.0.0 (Mac OS X 10.9).Controller: ConceptionedtCtrl">
      <failure type="">minErr/&lt;@/Users/naneon/WebstormProjects/Emploi-Du-Temps/app/bower_components/angular/angular.js:78
loadModules/&lt;@/Users/naneon/WebstormProjects/Emploi-Du-Temps/app/bower_components/angular/angular.js:3643
forEach@/Users/naneon/WebstormProjects/Emploi-Du-Temps/app/bower_components/angular/angular.js:302
loadModules@/Users/naneon/WebstormProjects/Emploi-Du-Temps/app/bower_components/angular/angular.js:3608
createInjector@/Users/naneon/WebstormProjects/Emploi-Du-Temps/app/bower_components/angular/angular.js:3548
workFn@/Users/naneon/WebstormProjects/Emploi-Du-Temps/app/bower_components/angular-mocks/angular-mocks.js:2110

</failure>
      <failure type="">TypeError: scope is undefined in /Users/naneon/WebstormProjects/Emploi-Du-Temps/test/spec/controllers/conceptionEdtController.js (line 20)
@/Users/naneon/WebstormProjects/Emploi-Du-Temps/test/spec/controllers/conceptionEdtController.js:20

</failure>
    </testcase>
    <testcase name="should attach a list of awesomeThings to the scope" time="0.002" classname="Firefox 29.0.0 (Mac OS X 10.9).Controller: MainCtrl">
      <failure type="">minErr/&lt;@/Users/naneon/WebstormProjects/Emploi-Du-Temps/app/bower_components/angular/angular.js:78
loadModules/&lt;@/Users/naneon/WebstormProjects/Emploi-Du-Temps/app/bower_components/angular/angular.js:3643
forEach@/Users/naneon/WebstormProjects/Emploi-Du-Temps/app/bower_components/angular/angular.js:302
loadModules@/Users/naneon/WebstormProjects/Emploi-Du-Temps/app/bower_components/angular/angular.js:3608
createInjector@/Users/naneon/WebstormProjects/Emploi-Du-Temps/app/bower_components/angular/angular.js:3548
workFn@/Users/naneon/WebstormProjects/Emploi-Du-Temps/app/bower_components/angular-mocks/angular-mocks.js:2110

</failure>
      <failure type="">TypeError: scope is undefined in /Users/naneon/WebstormProjects/Emploi-Du-Temps/test/spec/controllers/mainController.js (line 20)
@/Users/naneon/WebstormProjects/Emploi-Du-Temps/test/spec/controllers/mainController.js:20

</failure>
    </testcase>
    <testcase name="should attach a list of awesomeThings to the scope" time="0.002" classname="Firefox 29.0.0 (Mac OS X 10.9).Controller: ProfilformationCtrl">
      <failure type="">minErr/&lt;@/Users/naneon/WebstormProjects/Emploi-Du-Temps/app/bower_components/angular/angular.js:78
loadModules/&lt;@/Users/naneon/WebstormProjects/Emploi-Du-Temps/app/bower_components/angular/angular.js:3643
forEach@/Users/naneon/WebstormProjects/Emploi-Du-Temps/app/bower_components/angular/angular.js:302
loadModules@/Users/naneon/WebstormProjects/Emploi-Du-Temps/app/bower_components/angular/angular.js:3608
createInjector@/Users/naneon/WebstormProjects/Emploi-Du-Temps/app/bower_components/angular/angular.js:3548
workFn@/Users/naneon/WebstormProjects/Emploi-Du-Temps/app/bower_components/angular-mocks/angular-mocks.js:2110

</failure>
      <failure type="">TypeError: scope is undefined in /Users/naneon/WebstormProjects/Emploi-Du-Temps/test/spec/controllers/profilFormationController.js (line 20)
@/Users/naneon/WebstormProjects/Emploi-Du-Temps/test/spec/controllers/profilFormationController.js:20

</failure>
    </testcase>
    <testcase name="should do something" time="0.003" classname="Firefox 29.0.0 (Mac OS X 10.9).Service: Conceptionedtservice">
      <failure type="">minErr/&lt;@/Users/naneon/WebstormProjects/Emploi-Du-Temps/app/bower_components/angular/angular.js:78
loadModules/&lt;@/Users/naneon/WebstormProjects/Emploi-Du-Temps/app/bower_components/angular/angular.js:3643
forEach@/Users/naneon/WebstormProjects/Emploi-Du-Temps/app/bower_components/angular/angular.js:302
loadModules@/Users/naneon/WebstormProjects/Emploi-Du-Temps/app/bower_components/angular/angular.js:3608
createInjector@/Users/naneon/WebstormProjects/Emploi-Du-Temps/app/bower_components/angular/angular.js:3548
workFn@/Users/naneon/WebstormProjects/Emploi-Du-Temps/app/bower_components/angular-mocks/angular-mocks.js:2110

</failure>
      <failure type="">Expected false to be true.
@/Users/naneon/WebstormProjects/Emploi-Du-Temps/test/spec/services/conceptionEdtService.js:15

</failure>
    </testcase>
    <system-out><![CDATA[
]]></system-out>
    <system-err/>
  </testsuite>
  <testsuite name="Firefox 29.0.0 (Mac OS X 10.9)" package="" timestamp="2014-05-28T09:15:43" id="0" hostname="imac-cedre.utt.fr" tests="5" errors="1" failures="5" time="0.017">
    <properties>
      <property name="browser.fullName" value="Mozilla/5.0 (Macintosh; Intel Mac OS X 10.9; rv:29.0) Gecko/20100101 Firefox/29.0"/>
    </properties>
    <testcase name="should create $scope.greeting when calling sayHello" time="0.008" classname="Firefox 29.0.0 (Mac OS X 10.9).Unit: AboutCtrl">
      <failure type="">minErr/&lt;@/Users/naneon/WebstormProjects/Emploi-Du-Temps/app/bower_components/angular/angular.js:78
loadModules/&lt;@/Users/naneon/WebstormProjects/Emploi-Du-Temps/app/bower_components/angular/angular.js:3643
forEach@/Users/naneon/WebstormProjects/Emploi-Du-Temps/app/bower_components/angular/angular.js:302
loadModules@/Users/naneon/WebstormProjects/Emploi-Du-Temps/app/bower_components/angular/angular.js:3608
createInjector@/Users/naneon/WebstormProjects/Emploi-Du-Temps/app/bower_components/angular/angular.js:3548
workFn@/Users/naneon/WebstormProjects/Emploi-Du-Temps/app/bower_components/angular-mocks/angular-mocks.js:2110

</failure>
      <failure type="">TypeError: scope is undefined in /Users/naneon/WebstormProjects/Emploi-Du-Temps/test/spec/controllers/aboutController.js (line 21)
@/Users/naneon/WebstormProjects/Emploi-Du-Temps/test/spec/controllers/aboutController.js:21

</failure>
    </testcase>
    <testcase name="should attach a list of awesomeThings to the scope" time="0.003" classname="Firefox 29.0.0 (Mac OS X 10.9).Controller: ConceptionedtCtrl">
      <failure type="">minErr/&lt;@/Users/naneon/WebstormProjects/Emploi-Du-Temps/app/bower_components/angular/angular.js:78
loadModules/&lt;@/Users/naneon/WebstormProjects/Emploi-Du-Temps/app/bower_components/angular/angular.js:3643
forEach@/Users/naneon/WebstormProjects/Emploi-Du-Temps/app/bower_components/angular/angular.js:302
loadModules@/Users/naneon/WebstormProjects/Emploi-Du-Temps/app/bower_components/angular/angular.js:3608
createInjector@/Users/naneon/WebstormProjects/Emploi-Du-Temps/app/bower_components/angular/angular.js:3548
workFn@/Users/naneon/WebstormProjects/Emploi-Du-Temps/app/bower_components/angular-mocks/angular-mocks.js:2110

</failure>
      <failure type="">TypeError: scope is undefined in /Users/naneon/WebstormProjects/Emploi-Du-Temps/test/spec/controllers/conceptionEdtController.js (line 20)
@/Users/naneon/WebstormProjects/Emploi-Du-Temps/test/spec/controllers/conceptionEdtController.js:20

</failure>
    </testcase>
    <testcase name="should attach a list of awesomeThings to the scope" time="0.002" classname="Firefox 29.0.0 (Mac OS X 10.9).Controller: MainCtrl">
      <failure type="">minErr/&lt;@/Users/naneon/WebstormProjects/Emploi-Du-Temps/app/bower_components/angular/angular.js:78
loadModules/&lt;@/Users/naneon/WebstormProjects/Emploi-Du-Temps/app/bower_components/angular/angular.js:3643
forEach@/Users/naneon/WebstormProjects/Emploi-Du-Temps/app/bower_components/angular/angular.js:302
loadModules@/Users/naneon/WebstormProjects/Emploi-Du-Temps/app/bower_components/angular/angular.js:3608
createInjector@/Users/naneon/WebstormProjects/Emploi-Du-Temps/app/bower_components/angular/angular.js:3548
workFn@/Users/naneon/WebstormProjects/Emploi-Du-Temps/app/bower_components/angular-mocks/angular-mocks.js:2110

</failure>
      <failure type="">TypeError: scope is undefined in /Users/naneon/WebstormProjects/Emploi-Du-Temps/test/spec/controllers/mainController.js (line 20)
@/Users/naneon/WebstormProjects/Emploi-Du-Temps/test/spec/controllers/mainController.js:20

</failure>
    </testcase>
    <testcase name="should attach a list of awesomeThings to the scope" time="0.002" classname="Firefox 29.0.0 (Mac OS X 10.9).Controller: ProfilformationCtrl">
      <failure type="">minErr/&lt;@/Users/naneon/WebstormProjects/Emploi-Du-Temps/app/bower_components/angular/angular.js:78
loadModules/&lt;@/Users/naneon/WebstormProjects/Emploi-Du-Temps/app/bower_components/angular/angular.js:3643
forEach@/Users/naneon/WebstormProjects/Emploi-Du-Temps/app/bower_components/angular/angular.js:302
loadModules@/Users/naneon/WebstormProjects/Emploi-Du-Temps/app/bower_components/angular/angular.js:3608
createInjector@/Users/naneon/WebstormProjects/Emploi-Du-Temps/app/bower_components/angular/angular.js:3548
workFn@/Users/naneon/WebstormProjects/Emploi-Du-Temps/app/bower_components/angular-mocks/angular-mocks.js:2110

</failure>
      <failure type="">TypeError: scope is undefined in /Users/naneon/WebstormProjects/Emploi-Du-Temps/test/spec/controllers/profilFormationController.js (line 20)
@/Users/naneon/WebstormProjects/Emploi-Du-Temps/test/spec/controllers/profilFormationController.js:20

</failure>
    </testcase>
    <testcase name="should do something" time="0.002" classname="Firefox 29.0.0 (Mac OS X 10.9).Service: Conceptionedtservice">
      <failure type="">minErr/&lt;@/Users/naneon/WebstormProjects/Emploi-Du-Temps/app/bower_components/angular/angular.js:78
loadModules/&lt;@/Users/naneon/WebstormProjects/Emploi-Du-Temps/app/bower_components/angular/angular.js:3643
forEach@/Users/naneon/WebstormProjects/Emploi-Du-Temps/app/bower_components/angular/angular.js:302
loadModules@/Users/naneon/WebstormProjects/Emploi-Du-Temps/app/bower_components/angular/angular.js:3608
createInjector@/Users/naneon/WebstormProjects/Emploi-Du-Temps/app/bower_components/angular/angular.js:3548
workFn@/Users/naneon/WebstormProjects/Emploi-Du-Temps/app/bower_components/angular-mocks/angular-mocks.js:2110

</failure>
      <failure type="">Expected false to be true.
@/Users/naneon/WebstormProjects/Emploi-Du-Temps/test/spec/services/conceptionEdtService.js:15

</failure>
    </testcase>
    <system-out><![CDATA[
]]></system-out>
    <system-err/>
  </testsuite>
</testsuites>
